0 info it worked if it ends with ok
1 verbose cli [ '/usr/local/bin/node',
1 verbose cli   '/usr/local/bin/npm',
1 verbose cli   'install',
1 verbose cli   '--save',
1 verbose cli   'es6-promise' ]
2 info using npm@2.14.12
3 info using node@v4.2.6
4 verbose install initial load of /Users/ryland/Dropbox/webdev/node_projects/nba_survivor/package.json
5 verbose installManyTop reading scoped package data from /Users/ryland/Dropbox/webdev/node_projects/nba_survivor/node_modules/babel-core/package.json
6 verbose installManyTop reading scoped package data from /Users/ryland/Dropbox/webdev/node_projects/nba_survivor/node_modules/babel-loader/package.json
7 verbose installManyTop reading scoped package data from /Users/ryland/Dropbox/webdev/node_projects/nba_survivor/node_modules/babel-plugin-transform-object-assign/package.json
8 verbose installManyTop reading scoped package data from /Users/ryland/Dropbox/webdev/node_projects/nba_survivor/node_modules/babel-polyfill/package.json
9 verbose installManyTop reading scoped package data from /Users/ryland/Dropbox/webdev/node_projects/nba_survivor/node_modules/babel-preset-es2015/package.json
10 verbose installManyTop reading scoped package data from /Users/ryland/Dropbox/webdev/node_projects/nba_survivor/node_modules/babel-preset-react/package.json
11 verbose installManyTop reading scoped package data from /Users/ryland/Dropbox/webdev/node_projects/nba_survivor/node_modules/babel-register/package.json
12 verbose installManyTop reading scoped package data from /Users/ryland/Dropbox/webdev/node_projects/nba_survivor/node_modules/babelify/package.json
13 verbose installManyTop reading scoped package data from /Users/ryland/Dropbox/webdev/node_projects/nba_survivor/node_modules/basic-auth/package.json
14 verbose installManyTop reading scoped package data from /Users/ryland/Dropbox/webdev/node_projects/nba_survivor/node_modules/basic-auth-connect/package.json
15 verbose installManyTop reading scoped package data from /Users/ryland/Dropbox/webdev/node_projects/nba_survivor/node_modules/body-parser/package.json
16 verbose installManyTop reading scoped package data from /Users/ryland/Dropbox/webdev/node_projects/nba_survivor/node_modules/browserify/package.json
17 verbose installManyTop reading scoped package data from /Users/ryland/Dropbox/webdev/node_projects/nba_survivor/node_modules/browserify-shim/package.json
18 verbose installManyTop reading scoped package data from /Users/ryland/Dropbox/webdev/node_projects/nba_survivor/node_modules/chai/package.json
19 verbose installManyTop reading scoped package data from /Users/ryland/Dropbox/webdev/node_projects/nba_survivor/node_modules/cookie-parser/package.json
20 verbose installManyTop reading scoped package data from /Users/ryland/Dropbox/webdev/node_projects/nba_survivor/node_modules/crypto/package.json
21 verbose installManyTop reading scoped package data from /Users/ryland/Dropbox/webdev/node_projects/nba_survivor/node_modules/css-loader/package.json
22 verbose installManyTop reading scoped package data from /Users/ryland/Dropbox/webdev/node_projects/nba_survivor/node_modules/debug/package.json
23 verbose installManyTop reading scoped package data from /Users/ryland/Dropbox/webdev/node_projects/nba_survivor/node_modules/deep-freeze/package.json
24 verbose installManyTop reading scoped package data from /Users/ryland/Dropbox/webdev/node_projects/nba_survivor/node_modules/dotenv/package.json
25 verbose installManyTop reading scoped package data from /Users/ryland/Dropbox/webdev/node_projects/nba_survivor/node_modules/eslint/package.json
26 verbose installManyTop reading scoped package data from /Users/ryland/Dropbox/webdev/node_projects/nba_survivor/node_modules/eslint-config-airbnb/package.json
27 verbose installManyTop reading scoped package data from /Users/ryland/Dropbox/webdev/node_projects/nba_survivor/node_modules/eslint-loader/package.json
28 verbose installManyTop reading scoped package data from /Users/ryland/Dropbox/webdev/node_projects/nba_survivor/node_modules/eslint-plugin-import/package.json
29 verbose installManyTop reading scoped package data from /Users/ryland/Dropbox/webdev/node_projects/nba_survivor/node_modules/eslint-plugin-jsx-a11y/package.json
30 verbose installManyTop reading scoped package data from /Users/ryland/Dropbox/webdev/node_projects/nba_survivor/node_modules/eslint-plugin-react/package.json
31 verbose installManyTop reading scoped package data from /Users/ryland/Dropbox/webdev/node_projects/nba_survivor/node_modules/expect/package.json
32 verbose installManyTop reading scoped package data from /Users/ryland/Dropbox/webdev/node_projects/nba_survivor/node_modules/express/package.json
33 verbose installManyTop reading scoped package data from /Users/ryland/Dropbox/webdev/node_projects/nba_survivor/node_modules/express-jwt/package.json
34 verbose installManyTop reading scoped package data from /Users/ryland/Dropbox/webdev/node_projects/nba_survivor/node_modules/express-logger/package.json
35 verbose installManyTop reading scoped package data from /Users/ryland/Dropbox/webdev/node_projects/nba_survivor/node_modules/file-loader/package.json
36 verbose installManyTop reading scoped package data from /Users/ryland/Dropbox/webdev/node_projects/nba_survivor/node_modules/grunt/package.json
37 verbose installManyTop reading scoped package data from /Users/ryland/Dropbox/webdev/node_projects/nba_survivor/node_modules/grunt-browserify/package.json
38 verbose installManyTop reading scoped package data from /Users/ryland/Dropbox/webdev/node_projects/nba_survivor/node_modules/grunt-contrib-jshint/package.json
39 verbose installManyTop reading scoped package data from /Users/ryland/Dropbox/webdev/node_projects/nba_survivor/node_modules/grunt-contrib-uglify/package.json
40 verbose installManyTop reading scoped package data from /Users/ryland/Dropbox/webdev/node_projects/nba_survivor/node_modules/grunt-contrib-watch/package.json
41 verbose installManyTop reading scoped package data from /Users/ryland/Dropbox/webdev/node_projects/nba_survivor/node_modules/grunt-eslint/package.json
42 verbose installManyTop reading scoped package data from /Users/ryland/Dropbox/webdev/node_projects/nba_survivor/node_modules/grunt-jscs/package.json
43 verbose installManyTop reading scoped package data from /Users/ryland/Dropbox/webdev/node_projects/nba_survivor/node_modules/grunt-puglint/package.json
44 verbose installManyTop reading scoped package data from /Users/ryland/Dropbox/webdev/node_projects/nba_survivor/node_modules/isomorphic-fetch/package.json
45 verbose installManyTop reading scoped package data from /Users/ryland/Dropbox/webdev/node_projects/nba_survivor/node_modules/jade/package.json
46 verbose installManyTop reading scoped package data from /Users/ryland/Dropbox/webdev/node_projects/nba_survivor/node_modules/jsonwebtoken/package.json
47 verbose installManyTop reading scoped package data from /Users/ryland/Dropbox/webdev/node_projects/nba_survivor/node_modules/lodash/package.json
48 verbose installManyTop reading scoped package data from /Users/ryland/Dropbox/webdev/node_projects/nba_survivor/node_modules/minimatch/package.json
49 verbose installManyTop reading scoped package data from /Users/ryland/Dropbox/webdev/node_projects/nba_survivor/node_modules/mocha/package.json
50 verbose installManyTop reading scoped package data from /Users/ryland/Dropbox/webdev/node_projects/nba_survivor/node_modules/moment/package.json
51 verbose installManyTop reading scoped package data from /Users/ryland/Dropbox/webdev/node_projects/nba_survivor/node_modules/moment-timezone/package.json
52 verbose installManyTop reading scoped package data from /Users/ryland/Dropbox/webdev/node_projects/nba_survivor/node_modules/mongoose/package.json
53 verbose installManyTop reading scoped package data from /Users/ryland/Dropbox/webdev/node_projects/nba_survivor/node_modules/morgan/package.json
54 verbose installManyTop reading scoped package data from /Users/ryland/Dropbox/webdev/node_projects/nba_survivor/node_modules/passport/package.json
55 verbose installManyTop reading scoped package data from /Users/ryland/Dropbox/webdev/node_projects/nba_survivor/node_modules/passport-local/package.json
56 verbose installManyTop reading scoped package data from /Users/ryland/Dropbox/webdev/node_projects/nba_survivor/node_modules/react/package.json
57 verbose installManyTop reading scoped package data from /Users/ryland/Dropbox/webdev/node_projects/nba_survivor/node_modules/react-addons-css-transition-group/package.json
58 verbose installManyTop reading scoped package data from /Users/ryland/Dropbox/webdev/node_projects/nba_survivor/node_modules/react-alert/package.json
59 verbose installManyTop reading scoped package data from /Users/ryland/Dropbox/webdev/node_projects/nba_survivor/node_modules/react-dom/package.json
60 verbose installManyTop reading scoped package data from /Users/ryland/Dropbox/webdev/node_projects/nba_survivor/node_modules/react-redux/package.json
61 verbose installManyTop reading scoped package data from /Users/ryland/Dropbox/webdev/node_projects/nba_survivor/node_modules/react-router/package.json
62 verbose installManyTop reading scoped package data from /Users/ryland/Dropbox/webdev/node_projects/nba_survivor/node_modules/react-s-alert/package.json
63 verbose installManyTop reading scoped package data from /Users/ryland/Dropbox/webdev/node_projects/nba_survivor/node_modules/redux/package.json
64 verbose installManyTop reading scoped package data from /Users/ryland/Dropbox/webdev/node_projects/nba_survivor/node_modules/redux-thunk/package.json
65 verbose installManyTop reading scoped package data from /Users/ryland/Dropbox/webdev/node_projects/nba_survivor/node_modules/request/package.json
66 verbose installManyTop reading scoped package data from /Users/ryland/Dropbox/webdev/node_projects/nba_survivor/node_modules/serve-favicon/package.json
67 verbose installManyTop reading scoped package data from /Users/ryland/Dropbox/webdev/node_projects/nba_survivor/node_modules/style-loader/package.json
68 verbose installManyTop reading scoped package data from /Users/ryland/Dropbox/webdev/node_projects/nba_survivor/node_modules/uglify-js/package.json
69 verbose installManyTop reading scoped package data from /Users/ryland/Dropbox/webdev/node_projects/nba_survivor/node_modules/util/package.json
70 verbose installManyTop reading scoped package data from /Users/ryland/Dropbox/webdev/node_projects/nba_survivor/node_modules/webpack/package.json
71 verbose installManyTop reading scoped package data from /Users/ryland/Dropbox/webdev/node_projects/nba_survivor/node_modules/webpack-dev-server/package.json
72 verbose installManyTop reading scoped package data from /Users/ryland/Dropbox/webdev/node_projects/nba_survivor/node_modules/webpack-uglify-js-plugin/package.json
73 info package.json express-logger@0.0.3 No license field.
74 info package.json grunt@0.4.5 No license field.
75 info package.json grunt-browserify@5.0.0 No license field.
76 info package.json passport-local@1.0.0 No license field.
77 info package.json react-alert@1.0.14 No license field.
78 info package.json webpack-dev-server@1.15.2 No README data
79 info package.json util@0.10.3 util is also the name of a node core module.
80 info package.json crypto@0.0.3 crypto is also the name of a node core module.
81 info package.json crypto@0.0.3 No license field.
82 info package.json deep-freeze@0.0.1 license should be a valid SPDX license expression
83 info package.json express-jwt@5.0.0 No license field.
84 verbose readDependencies loading dependencies from /Users/ryland/Dropbox/webdev/node_projects/nba_survivor/package.json
85 silly cache add args [ 'es6-promise', null ]
86 verbose cache add spec es6-promise
87 silly cache add parsed spec Result {
87 silly cache add   raw: 'es6-promise',
87 silly cache add   scope: null,
87 silly cache add   name: 'es6-promise',
87 silly cache add   rawSpec: '',
87 silly cache add   spec: 'latest',
87 silly cache add   type: 'tag' }
88 silly addNamed es6-promise@latest
89 verbose addNamed "latest" is being treated as a dist-tag for es6-promise
90 info addNameTag [ 'es6-promise', 'latest' ]
91 silly mapToRegistry name es6-promise
92 silly mapToRegistry using default registry
93 silly mapToRegistry registry https://registry.npmjs.org/
94 silly mapToRegistry uri https://registry.npmjs.org/es6-promise
95 verbose addNameTag registry:https://registry.npmjs.org/es6-promise not in flight; fetching
96 verbose request uri https://registry.npmjs.org/es6-promise
97 verbose request no auth needed
98 info attempt registry request try #1 at 6:41:01 PM
99 verbose request id 74dd1cfe39b45dea
100 verbose etag W/"582d7aa6-ceb0"
101 verbose lastModified Thu, 17 Nov 2016 09:38:46 GMT
102 http request GET https://registry.npmjs.org/es6-promise
103 http 200 https://registry.npmjs.org/es6-promise
104 verbose headers { server: 'nginx/1.10.1',
104 verbose headers   'content-type': 'application/json',
104 verbose headers   'last-modified': 'Fri, 02 Dec 2016 06:08:44 GMT',
104 verbose headers   etag: 'W/"58410fec-cede"',
104 verbose headers   'content-encoding': 'gzip',
104 verbose headers   'cache-control': 'max-age=300',
104 verbose headers   'content-length': '6037',
104 verbose headers   'accept-ranges': 'bytes',
104 verbose headers   date: 'Thu, 22 Dec 2016 02:41:02 GMT',
104 verbose headers   via: '1.1 varnish',
104 verbose headers   age: '266',
104 verbose headers   connection: 'keep-alive',
104 verbose headers   'x-served-by': 'cache-sea1926-SEA',
104 verbose headers   'x-cache': 'HIT',
104 verbose headers   'x-cache-hits': '3',
104 verbose headers   'x-timer': 'S1482374462.829032,VS0,VE0',
104 verbose headers   vary: 'Accept-Encoding' }
105 silly get cb [ 200,
105 silly get   { server: 'nginx/1.10.1',
105 silly get     'content-type': 'application/json',
105 silly get     'last-modified': 'Fri, 02 Dec 2016 06:08:44 GMT',
105 silly get     etag: 'W/"58410fec-cede"',
105 silly get     'content-encoding': 'gzip',
105 silly get     'cache-control': 'max-age=300',
105 silly get     'content-length': '6037',
105 silly get     'accept-ranges': 'bytes',
105 silly get     date: 'Thu, 22 Dec 2016 02:41:02 GMT',
105 silly get     via: '1.1 varnish',
105 silly get     age: '266',
105 silly get     connection: 'keep-alive',
105 silly get     'x-served-by': 'cache-sea1926-SEA',
105 silly get     'x-cache': 'HIT',
105 silly get     'x-cache-hits': '3',
105 silly get     'x-timer': 'S1482374462.829032,VS0,VE0',
105 silly get     vary: 'Accept-Encoding' } ]
106 verbose get saving es6-promise to /Users/ryland/.npm/registry.npmjs.org/es6-promise/.cache.json
107 silly addNameTag next cb for es6-promise with tag latest
108 silly addNamed es6-promise@4.0.5
109 verbose addNamed "4.0.5" is a plain semver version for es6-promise
110 silly mapToRegistry name es6-promise
111 silly mapToRegistry using default registry
112 silly mapToRegistry registry https://registry.npmjs.org/
113 silly mapToRegistry uri https://registry.npmjs.org/es6-promise
114 verbose addRemoteTarball https://registry.npmjs.org/es6-promise/-/es6-promise-4.0.5.tgz not in flight; adding
115 verbose addRemoteTarball [ 'https://registry.npmjs.org/es6-promise/-/es6-promise-4.0.5.tgz',
115 verbose addRemoteTarball   '7882f30adde5b240ccfa7f7d78c548330951ae42' ]
116 info retry fetch attempt 1 at 6:41:02 PM
117 info attempt registry request try #1 at 6:41:02 PM
118 http fetch GET https://registry.npmjs.org/es6-promise/-/es6-promise-4.0.5.tgz
119 http fetch 200 https://registry.npmjs.org/es6-promise/-/es6-promise-4.0.5.tgz
120 silly fetchAndShaCheck shasum 7882f30adde5b240ccfa7f7d78c548330951ae42
121 verbose addTmpTarball /var/folders/_y/fkyg_3jj2g50vm3tkgrzj5ym0000gn/T/npm-17829-0cd89e87/registry.npmjs.org/es6-promise/-/es6-promise-4.0.5.tgz not in flight; adding
122 verbose addTmpTarball already have metadata; skipping unpack for es6-promise@4.0.5
123 silly cache afterAdd es6-promise@4.0.5
124 verbose afterAdd /Users/ryland/.npm/es6-promise/4.0.5/package/package.json not in flight; writing
125 verbose afterAdd /Users/ryland/.npm/es6-promise/4.0.5/package/package.json written
126 silly install resolved [ { name: 'es6-promise',
126 silly install resolved     namespace: 'es6-promise',
126 silly install resolved     version: '4.0.5',
126 silly install resolved     description: 'A lightweight library that provides tools for organizing asynchronous code',
126 silly install resolved     main: 'dist/es6-promise.js',
126 silly install resolved     typings: 'es6-promise.d.ts',
126 silly install resolved     directories: { lib: 'lib' },
126 silly install resolved     files: [ 'dist', 'lib', 'es6-promise.d.ts', 'auto.js', '!dist/test' ],
126 silly install resolved     devDependencies:
126 silly install resolved      { 'broccoli-babel-transpiler': '^5.6.1',
126 silly install resolved        'broccoli-concat': '^3.0.2',
126 silly install resolved        'broccoli-merge-trees': '^1.1.1',
126 silly install resolved        'broccoli-rollup': '^1.0.2',
126 silly install resolved        'broccoli-stew': '^1.2.0',
126 silly install resolved        'broccoli-uglify-js': '^0.2.0',
126 silly install resolved        'broccoli-watchify': 'v1.0.0',
126 silly install resolved        'ember-cli': '^2.7.0',
126 silly install resolved        'ember-cli-dependency-checker': '^1.3.0',
126 silly install resolved        'ember-publisher': '0.0.7',
126 silly install resolved        'git-repo-version': '0.4.0',
126 silly install resolved        json3: '^3.3.2',
126 silly install resolved        mocha: '^3.1.0',
126 silly install resolved        'promises-aplus-tests-phantom': '^2.1.0-revise',
126 silly install resolved        'release-it': '0.0.10' },
126 silly install resolved     scripts:
126 silly install resolved      { build: 'ember build --environment production',
126 silly install resolved        'build:production': 'ember build --env production',
126 silly install resolved        start: 'ember s',
126 silly install resolved        test: 'ember test',
126 silly install resolved        'test:server': 'ember test --server',
126 silly install resolved        'test:node': 'ember build && mocha ./dist/test/browserify',
126 silly install resolved        prepublish: 'ember build --environment production',
126 silly install resolved        lint: 'jshint lib',
126 silly install resolved        'dry-run-release': 'ember build --environment production && release-it --dry-run --non-interactive' },
126 silly install resolved     repository:
126 silly install resolved      { type: 'git',
126 silly install resolved        url: 'git://github.com/stefanpenner/es6-promise.git' },
126 silly install resolved     bugs: { url: 'https://github.com/stefanpenner/es6-promise/issues' },
126 silly install resolved     browser: { vertx: false },
126 silly install resolved     keywords: [ 'promises', 'futures' ],
126 silly install resolved     author:
126 silly install resolved      { name: 'Yehuda Katz, Tom Dale, Stefan Penner and contributors',
126 silly install resolved        url: 'Conversion to ES6 API by Jake Archibald' },
126 silly install resolved     license: 'MIT',
126 silly install resolved     spm: { main: 'dist/es6-promise.js' },
126 silly install resolved     gitHead: '6da7ebc01723ec2fd7744c5c08fa9f338992b2e1',
126 silly install resolved     homepage: 'https://github.com/stefanpenner/es6-promise#readme',
126 silly install resolved     _id: 'es6-promise@4.0.5',
126 silly install resolved     _shasum: '7882f30adde5b240ccfa7f7d78c548330951ae42',
126 silly install resolved     _from: 'es6-promise@latest',
126 silly install resolved     _npmVersion: '3.10.8',
126 silly install resolved     _nodeVersion: '6.6.0',
126 silly install resolved     _npmUser: { name: 'stefanpenner', email: 'stefan.penner@gmail.com' },
126 silly install resolved     dist:
126 silly install resolved      { shasum: '7882f30adde5b240ccfa7f7d78c548330951ae42',
126 silly install resolved        tarball: 'https://registry.npmjs.org/es6-promise/-/es6-promise-4.0.5.tgz' },
126 silly install resolved     maintainers: [ [Object], [Object] ],
126 silly install resolved     _npmOperationalInternal:
126 silly install resolved      { host: 'packages-12-west.internal.npmjs.com',
126 silly install resolved        tmp: 'tmp/es6-promise-4.0.5.tgz_1475539568489_0.15082282247021794' },
126 silly install resolved     _resolved: 'https://registry.npmjs.org/es6-promise/-/es6-promise-4.0.5.tgz' } ]
127 info install es6-promise@4.0.5 into /Users/ryland/Dropbox/webdev/node_projects/nba_survivor
128 info installOne es6-promise@4.0.5
129 verbose installOne of es6-promise to /Users/ryland/Dropbox/webdev/node_projects/nba_survivor not in flight; installing
130 verbose lock using /Users/ryland/.npm/_locks/es6-promise-da13140dd4e8e3ff.lock for /Users/ryland/Dropbox/webdev/node_projects/nba_survivor/node_modules/es6-promise
131 silly install write writing es6-promise 4.0.5 to /Users/ryland/Dropbox/webdev/node_projects/nba_survivor/node_modules/es6-promise
132 verbose unbuild node_modules/es6-promise
133 silly gentlyRm /Users/ryland/Dropbox/webdev/node_projects/nba_survivor/node_modules/es6-promise is being purged from base /Users/ryland/Dropbox/webdev/node_projects/nba_survivor
134 verbose gentlyRm don't care about contents; nuking /Users/ryland/Dropbox/webdev/node_projects/nba_survivor/node_modules/es6-promise
135 verbose tar unpack /Users/ryland/.npm/es6-promise/4.0.5/package.tgz
136 verbose tar unpacking to /Users/ryland/Dropbox/webdev/node_projects/nba_survivor/node_modules/es6-promise
137 silly gentlyRm /Users/ryland/Dropbox/webdev/node_projects/nba_survivor/node_modules/es6-promise is being purged
138 verbose gentlyRm don't care about contents; nuking /Users/ryland/Dropbox/webdev/node_projects/nba_survivor/node_modules/es6-promise
139 silly gunzTarPerm modes [ '755', '644' ]
140 silly gunzTarPerm extractEntry package.json
141 silly gunzTarPerm extractEntry README.md
142 silly gunzTarPerm extractEntry LICENSE
143 silly gunzTarPerm extractEntry auto.js
144 silly gunzTarPerm extractEntry CHANGELOG.md
145 silly gunzTarPerm extractEntry dist/es6-promise.auto.js
146 silly gunzTarPerm extractEntry dist/es6-promise.auto.min.js
147 silly gunzTarPerm extractEntry dist/es6-promise.js
148 silly gunzTarPerm extractEntry dist/es6-promise.min.js
149 silly gunzTarPerm extractEntry dist/es6-promise.auto.map
150 silly gunzTarPerm extractEntry dist/es6-promise.auto.min.map
151 silly gunzTarPerm extractEntry dist/es6-promise.map
152 silly gunzTarPerm extractEntry dist/es6-promise.min.map
153 silly gunzTarPerm extractEntry es6-promise.d.ts
154 silly gunzTarPerm extractEntry lib/es6-promise.js
155 silly gunzTarPerm extractEntry lib/es6-promise/-internal.js
156 silly gunzTarPerm extractEntry lib/es6-promise/asap.js
157 silly gunzTarPerm extractEntry lib/es6-promise/enumerator.js
158 silly gunzTarPerm extractEntry lib/es6-promise/polyfill.js
159 silly gunzTarPerm extractEntry lib/es6-promise/promise.js
160 silly gunzTarPerm extractEntry lib/es6-promise/then.js
161 silly gunzTarPerm extractEntry lib/es6-promise/utils.js
162 silly gunzTarPerm extractEntry lib/es6-promise/promise/all.js
163 silly gunzTarPerm extractEntry lib/es6-promise/promise/race.js
164 silly gunzTarPerm extractEntry lib/es6-promise/promise/reject.js
165 silly gunzTarPerm extractEntry lib/es6-promise/promise/resolve.js
166 verbose write writing to /Users/ryland/Dropbox/webdev/node_projects/nba_survivor/node_modules/es6-promise/package.json
167 info preinstall es6-promise@4.0.5
168 verbose readDependencies loading dependencies from /Users/ryland/Dropbox/webdev/node_projects/nba_survivor/node_modules/es6-promise/package.json
169 verbose readDependencies loading dependencies from /Users/ryland/Dropbox/webdev/node_projects/nba_survivor/node_modules/es6-promise/package.json
170 silly install resolved []
171 verbose about to build /Users/ryland/Dropbox/webdev/node_projects/nba_survivor/node_modules/es6-promise
172 info build /Users/ryland/Dropbox/webdev/node_projects/nba_survivor/node_modules/es6-promise
173 info linkStuff es6-promise@4.0.5
174 silly linkStuff es6-promise@4.0.5 has /Users/ryland/Dropbox/webdev/node_projects/nba_survivor/node_modules as its parent node_modules
175 verbose linkBins es6-promise@4.0.5
176 verbose linkMans es6-promise@4.0.5
177 verbose rebuildBundles es6-promise@4.0.5
178 info install es6-promise@4.0.5
179 info postinstall es6-promise@4.0.5
180 verbose unlock done using /Users/ryland/.npm/_locks/es6-promise-da13140dd4e8e3ff.lock for /Users/ryland/Dropbox/webdev/node_projects/nba_survivor/node_modules/es6-promise
181 verbose validateInstall loading /Users/ryland/Dropbox/webdev/node_projects/nba_survivor/package.json for validation
182 verbose stack Error: The package eslint@3.0.0 does not satisfy its siblings' peerDependencies requirements!
182 verbose stack     at /usr/local/lib/node_modules/npm/lib/install.js:125:32
182 verbose stack     at /usr/local/lib/node_modules/npm/lib/install.js:268:7
182 verbose stack     at /usr/local/lib/node_modules/npm/node_modules/read-installed/read-installed.js:142:5
182 verbose stack     at /usr/local/lib/node_modules/npm/node_modules/read-installed/read-installed.js:263:14
182 verbose stack     at cb (/usr/local/lib/node_modules/npm/node_modules/slide/lib/async-map.js:47:24)
182 verbose stack     at /usr/local/lib/node_modules/npm/node_modules/read-installed/read-installed.js:263:14
182 verbose stack     at cb (/usr/local/lib/node_modules/npm/node_modules/slide/lib/async-map.js:47:24)
182 verbose stack     at /usr/local/lib/node_modules/npm/node_modules/read-installed/read-installed.js:263:14
182 verbose stack     at cb (/usr/local/lib/node_modules/npm/node_modules/slide/lib/async-map.js:47:24)
182 verbose stack     at /usr/local/lib/node_modules/npm/node_modules/read-installed/read-installed.js:263:14
183 verbose cwd /Users/ryland/Dropbox/webdev/node_projects/nba_survivor
184 error Darwin 16.1.0
185 error argv "/usr/local/bin/node" "/usr/local/bin/npm" "install" "--save" "es6-promise"
186 error node v4.2.6
187 error npm  v2.14.12
188 error code EPEERINVALID
189 error peerinvalid The package eslint@3.0.0 does not satisfy its siblings' peerDependencies requirements!
189 error peerinvalid Peer eslint-config-airbnb@9.0.1 wants eslint@^2.9.0
189 error peerinvalid Peer eslint-loader@1.5.0 wants eslint@>=1.6.0 <4.0.0
189 error peerinvalid Peer eslint-plugin-import@1.15.0 wants eslint@2.x - 3.x
189 error peerinvalid Peer eslint-plugin-jsx-a11y@1.5.5 wants eslint@^2.10.2 || 3.x
190 verbose exit [ 1, true ]
